Case #1: 13 8
Case #2: 16 8
Case #3: 16 13
Case #4: 12 6
Case #5: 14 5
Case #6: 5 3
Case #7: 16 13
Case #8: 12 3
Case #9: 11 1
Case #10: 3 0
Case #11: 16 8
Case #12: 10 7
Case #13: 16 2
Case #14: 13 6
Case #15: 16 7
Case #16: 11 3
Case #17: 16 13
Case #18: 16 12
Case #19: 16 12
Case #20: 16 12
Case #21: 16 13
Case #22: 14 7
Case #23: 12 4
Case #24: 16 2
Case #25: 12 6
Case #26: 16 10
Case #27: 16 7
Case #28: 14 7
Case #29: 16 8
Case #30: 13 6
Case #31: 16 14
Case #32: 16 11
Case #33: 11 3
Case #34: 3 1
Case #35: 16 8
Case #36: 16 14
Case #37: 16 13
Case #38: 16 5
Case #39: 16 10
Case #40: 16 13
Case #41: 14 5
Case #42: 12 4
Case #43: 16 8
Case #44: 15 7
Case #45: 16 7
Case #46: 16 7
Case #47: 16 13
Case #48: 16 12
Case #49: 15 7
Case #50: 16 12
Case #51: 16 13
Case #52: 10 5
Case #53: 16 14
Case #54: 16 14
Case #55: 16 13
Case #56: 14 9
Case #57: 13 4
Case #58: 11 3
Case #59: 16 2
Case #60: 14 7
Case #61: 11 4
Case #62: 16 8
Case #63: 14 6
Case #64: 15 7
Case #65: 15 7
Case #66: 16 12
Case #67: 16 13
Case #68: 12 4
Case #69: 15 7
Case #70: 11 8
Case #71: 16 3
Case #72: 16 12
Case #73: 16 13
Case #74: 16 12
Case #75: 16 12
Case #76: 13 6
Case #77: 13 6
Case #78: 16 7
Case #79: 16 14
Case #80: 16 7
Case #81: 16 13
Case #82: 14 5
Case #83: 16 6
Case #84: 12 6
Case #85: 15 7
Case #86: 16 13
Case #87: 11 4
Case #88: 14 7
Case #89: 16 13
Case #90: 15 0
Case #91: 13 9
Case #92: 16 12
Case #93: 15 7
Case #94: 12 11
Case #95: 16 8
Case #96: 16 12
Case #97: 12 6
Case #98: 16 13
Case #99: 16 14
Case #100: 16 6
